0 info it worked if it ends with ok
1 verbose cli [ 'C:\\Program Files\\nodejs\\node.exe',
1 verbose cli   'C:\\Program Files\\nodejs\\node_modules\\npm\\bin\\npm-cli.js',
1 verbose cli   'install',
1 verbose cli   'level',
1 verbose cli   'levelup',
1 verbose cli   'leveldown',
1 verbose cli   '--save' ]
2 info using npm@3.10.10
3 info using node@v6.9.4
4 silly loadCurrentTree Starting
5 silly install loadCurrentTree
6 silly install readLocalPackageData
7 silly fetchPackageMetaData level
8 silly fetchPackageMetaData levelup
9 silly fetchPackageMetaData leveldown
10 silly fetchNamedPackageData level
11 silly mapToRegistry name level
12 silly mapToRegistry using default registry
13 silly mapToRegistry registry https://registry.npmjs.org/
14 silly mapToRegistry data Result {
14 silly mapToRegistry   raw: 'level',
14 silly mapToRegistry   scope: null,
14 silly mapToRegistry   escapedName: 'level',
14 silly mapToRegistry   name: 'level',
14 silly mapToRegistry   rawSpec: '',
14 silly mapToRegistry   spec: 'latest',
14 silly mapToRegistry   type: 'tag' }
15 silly mapToRegistry uri https://registry.npmjs.org/level
16 silly fetchNamedPackageData levelup
17 silly mapToRegistry name levelup
18 silly mapToRegistry using default registry
19 silly mapToRegistry registry https://registry.npmjs.org/
20 silly mapToRegistry data Result {
20 silly mapToRegistry   raw: 'levelup',
20 silly mapToRegistry   scope: null,
20 silly mapToRegistry   escapedName: 'levelup',
20 silly mapToRegistry   name: 'levelup',
20 silly mapToRegistry   rawSpec: '',
20 silly mapToRegistry   spec: 'latest',
20 silly mapToRegistry   type: 'tag' }
21 silly mapToRegistry uri https://registry.npmjs.org/levelup
22 silly fetchNamedPackageData leveldown
23 silly mapToRegistry name leveldown
24 silly mapToRegistry using default registry
25 silly mapToRegistry registry https://registry.npmjs.org/
26 silly mapToRegistry data Result {
26 silly mapToRegistry   raw: 'leveldown',
26 silly mapToRegistry   scope: null,
26 silly mapToRegistry   escapedName: 'leveldown',
26 silly mapToRegistry   name: 'leveldown',
26 silly mapToRegistry   rawSpec: '',
26 silly mapToRegistry   spec: 'latest',
26 silly mapToRegistry   type: 'tag' }
27 silly mapToRegistry uri https://registry.npmjs.org/leveldown
28 verbose request uri https://registry.npmjs.org/level
29 verbose request no auth needed
30 info attempt registry request try #1 at 16:09:47
31 verbose request id ae39028fd50be813
32 http request GET https://registry.npmjs.org/level
33 verbose request uri https://registry.npmjs.org/levelup
34 verbose request no auth needed
35 info attempt registry request try #1 at 16:09:47
36 http request GET https://registry.npmjs.org/levelup
37 verbose request uri https://registry.npmjs.org/leveldown
38 verbose request no auth needed
39 info attempt registry request try #1 at 16:09:47
40 http request GET https://registry.npmjs.org/leveldown
41 http 200 https://registry.npmjs.org/level
42 verbose headers { server: 'nginx/1.10.1',
42 verbose headers   'content-type': 'application/json',
42 verbose headers   'last-modified': 'Wed, 17 May 2017 15:16:46 GMT',
42 verbose headers   etag: 'W/"591c695e-d5fb"',
42 verbose headers   'content-encoding': 'gzip',
42 verbose headers   'cache-control': 'max-age=300',
42 verbose headers   'content-length': '4968',
42 verbose headers   'accept-ranges': 'bytes',
42 verbose headers   date: 'Mon, 12 Jun 2017 21:09:30 GMT',
42 verbose headers   via: '1.1 varnish',
42 verbose headers   age: '80',
42 verbose headers   connection: 'keep-alive',
42 verbose headers   'x-served-by': 'cache-dfw1821-DFW',
42 verbose headers   'x-cache': 'HIT',
42 verbose headers   'x-cache-hits': '2',
42 verbose headers   'x-timer': 'S1497301771.522560,VS0,VE0',
42 verbose headers   vary: 'Accept-Encoding' }
43 silly get cb [ 200,
43 silly get   { server: 'nginx/1.10.1',
43 silly get     'content-type': 'application/json',
43 silly get     'last-modified': 'Wed, 17 May 2017 15:16:46 GMT',
43 silly get     etag: 'W/"591c695e-d5fb"',
43 silly get     'content-encoding': 'gzip',
43 silly get     'cache-control': 'max-age=300',
43 silly get     'content-length': '4968',
43 silly get     'accept-ranges': 'bytes',
43 silly get     date: 'Mon, 12 Jun 2017 21:09:30 GMT',
43 silly get     via: '1.1 varnish',
43 silly get     age: '80',
43 silly get     connection: 'keep-alive',
43 silly get     'x-served-by': 'cache-dfw1821-DFW',
43 silly get     'x-cache': 'HIT',
43 silly get     'x-cache-hits': '2',
43 silly get     'x-timer': 'S1497301771.522560,VS0,VE0',
43 silly get     vary: 'Accept-Encoding' } ]
44 verbose get saving level to C:\Users\Laboratoria 0035\AppData\Roaming\npm-cache\registry.npmjs.org\level\.cache.json
45 verbose correctMkdir C:\Users\Laboratoria 0035\AppData\Roaming\npm-cache correctMkdir not in flight; initializing
46 http 200 https://registry.npmjs.org/leveldown
47 verbose headers { server: 'nginx/1.10.1',
47 verbose headers   'content-type': 'application/json',
47 verbose headers   'last-modified': 'Fri, 09 Jun 2017 08:46:04 GMT',
47 verbose headers   etag: 'W/"593a604c-2f2e0"',
47 verbose headers   'content-encoding': 'gzip',
47 verbose headers   'cache-control': 'max-age=300',
47 verbose headers   'content-length': '17314',
47 verbose headers   'accept-ranges': 'bytes',
47 verbose headers   date: 'Mon, 12 Jun 2017 21:09:30 GMT',
47 verbose headers   via: '1.1 varnish',
47 verbose headers   age: '43',
47 verbose headers   connection: 'keep-alive',
47 verbose headers   'x-served-by': 'cache-dfw1841-DFW',
47 verbose headers   'x-cache': 'HIT',
47 verbose headers   'x-cache-hits': '1',
47 verbose headers   'x-timer': 'S1497301771.526939,VS0,VE1',
47 verbose headers   vary: 'Accept-Encoding' }
48 silly get cb [ 200,
48 silly get   { server: 'nginx/1.10.1',
48 silly get     'content-type': 'application/json',
48 silly get     'last-modified': 'Fri, 09 Jun 2017 08:46:04 GMT',
48 silly get     etag: 'W/"593a604c-2f2e0"',
48 silly get     'content-encoding': 'gzip',
48 silly get     'cache-control': 'max-age=300',
48 silly get     'content-length': '17314',
48 silly get     'accept-ranges': 'bytes',
48 silly get     date: 'Mon, 12 Jun 2017 21:09:30 GMT',
48 silly get     via: '1.1 varnish',
48 silly get     age: '43',
48 silly get     connection: 'keep-alive',
48 silly get     'x-served-by': 'cache-dfw1841-DFW',
48 silly get     'x-cache': 'HIT',
48 silly get     'x-cache-hits': '1',
48 silly get     'x-timer': 'S1497301771.526939,VS0,VE1',
48 silly get     vary: 'Accept-Encoding' } ]
49 verbose get saving leveldown to C:\Users\Laboratoria 0035\AppData\Roaming\npm-cache\registry.npmjs.org\leveldown\.cache.json
50 verbose correctMkdir C:\Users\Laboratoria 0035\AppData\Roaming\npm-cache correctMkdir not in flight; initializing
51 http 200 https://registry.npmjs.org/levelup
52 verbose headers { server: 'nginx/1.10.1',
52 verbose headers   'content-type': 'application/json',
52 verbose headers   'last-modified': 'Fri, 09 Jun 2017 08:50:03 GMT',
52 verbose headers   etag: 'W/"593a613b-31685"',
52 verbose headers   'content-encoding': 'gzip',
52 verbose headers   'cache-control': 'max-age=300',
52 verbose headers   'content-length': '21305',
52 verbose headers   'accept-ranges': 'bytes',
52 verbose headers   date: 'Mon, 12 Jun 2017 21:09:30 GMT',
52 verbose headers   via: '1.1 varnish',
52 verbose headers   age: '248',
52 verbose headers   connection: 'keep-alive',
52 verbose headers   'x-served-by': 'cache-dfw1830-DFW',
52 verbose headers   'x-cache': 'HIT',
52 verbose headers   'x-cache-hits': '1',
52 verbose headers   'x-timer': 'S1497301771.523846,VS0,VE1',
52 verbose headers   vary: 'Accept-Encoding' }
53 silly get cb [ 200,
53 silly get   { server: 'nginx/1.10.1',
53 silly get     'content-type': 'application/json',
53 silly get     'last-modified': 'Fri, 09 Jun 2017 08:50:03 GMT',
53 silly get     etag: 'W/"593a613b-31685"',
53 silly get     'content-encoding': 'gzip',
53 silly get     'cache-control': 'max-age=300',
53 silly get     'content-length': '21305',
53 silly get     'accept-ranges': 'bytes',
53 silly get     date: 'Mon, 12 Jun 2017 21:09:30 GMT',
53 silly get     via: '1.1 varnish',
53 silly get     age: '248',
53 silly get     connection: 'keep-alive',
53 silly get     'x-served-by': 'cache-dfw1830-DFW',
53 silly get     'x-cache': 'HIT',
53 silly get     'x-cache-hits': '1',
53 silly get     'x-timer': 'S1497301771.523846,VS0,VE1',
53 silly get     vary: 'Accept-Encoding' } ]
54 verbose get saving levelup to C:\Users\Laboratoria 0035\AppData\Roaming\npm-cache\registry.npmjs.org\levelup\.cache.json
55 verbose correctMkdir C:\Users\Laboratoria 0035\AppData\Roaming\npm-cache correctMkdir not in flight; initializing
56 silly install normalizeTree
57 silly loadCurrentTree Finishing
58 silly loadIdealTree Starting
59 silly install loadIdealTree
60 silly cloneCurrentTree Starting
61 silly install cloneCurrentTreeToIdealTree
62 silly cloneCurrentTree Finishing
63 silly loadShrinkwrap Starting
64 silly install loadShrinkwrap
65 silly loadShrinkwrap Finishing
66 silly loadAllDepsIntoIdealTree Starting
67 silly install loadAllDepsIntoIdealTree
68 silly resolveWithNewModule level@1.7.0 checking installable status
69 silly cache add args [ 'level', null ]
70 verbose cache add spec level
71 silly resolveWithNewModule leveldown@1.7.2 checking installable status
72 silly cache add args [ 'leveldown', null ]
73 verbose cache add spec leveldown
74 silly resolveWithNewModule levelup@1.3.8 checking installable status
75 silly cache add args [ 'levelup', null ]
76 verbose cache add spec levelup
77 silly cache add parsed spec Result {
77 silly cache add   raw: 'level',
77 silly cache add   scope: null,
77 silly cache add   escapedName: 'level',
77 silly cache add   name: 'level',
77 silly cache add   rawSpec: '',
77 silly cache add   spec: 'latest',
77 silly cache add   type: 'tag' }
78 silly addNamed level@latest
79 verbose addNamed "latest" is being treated as a dist-tag for level
80 info addNameTag [ 'level', 'latest' ]
81 silly mapToRegistry name level
82 silly mapToRegistry using default registry
83 silly mapToRegistry registry https://registry.npmjs.org/
84 silly mapToRegistry data Result {
84 silly mapToRegistry   raw: 'level',
84 silly mapToRegistry   scope: null,
84 silly mapToRegistry   escapedName: 'level',
84 silly mapToRegistry   name: 'level',
84 silly mapToRegistry   rawSpec: '',
84 silly mapToRegistry   spec: 'latest',
84 silly mapToRegistry   type: 'tag' }
85 silly mapToRegistry uri https://registry.npmjs.org/level
86 verbose addNameTag registry:https://registry.npmjs.org/level not in flight; fetching
87 silly cache add parsed spec Result {
87 silly cache add   raw: 'leveldown',
87 silly cache add   scope: null,
87 silly cache add   escapedName: 'leveldown',
87 silly cache add   name: 'leveldown',
87 silly cache add   rawSpec: '',
87 silly cache add   spec: 'latest',
87 silly cache add   type: 'tag' }
88 silly addNamed leveldown@latest
89 verbose addNamed "latest" is being treated as a dist-tag for leveldown
90 info addNameTag [ 'leveldown', 'latest' ]
91 silly mapToRegistry name leveldown
92 silly mapToRegistry using default registry
93 silly mapToRegistry registry https://registry.npmjs.org/
94 silly mapToRegistry data Result {
94 silly mapToRegistry   raw: 'leveldown',
94 silly mapToRegistry   scope: null,
94 silly mapToRegistry   escapedName: 'leveldown',
94 silly mapToRegistry   name: 'leveldown',
94 silly mapToRegistry   rawSpec: '',
94 silly mapToRegistry   spec: 'latest',
94 silly mapToRegistry   type: 'tag' }
95 silly mapToRegistry uri https://registry.npmjs.org/leveldown
96 verbose addNameTag registry:https://registry.npmjs.org/leveldown not in flight; fetching
97 silly cache add parsed spec Result {
97 silly cache add   raw: 'levelup',
97 silly cache add   scope: null,
97 silly cache add   escapedName: 'levelup',
97 silly cache add   name: 'levelup',
97 silly cache add   rawSpec: '',
97 silly cache add   spec: 'latest',
97 silly cache add   type: 'tag' }
98 silly addNamed levelup@latest
99 verbose addNamed "latest" is being treated as a dist-tag for levelup
100 info addNameTag [ 'levelup', 'latest' ]
101 silly mapToRegistry name levelup
102 silly mapToRegistry using default registry
103 silly mapToRegistry registry https://registry.npmjs.org/
104 silly mapToRegistry data Result {
104 silly mapToRegistry   raw: 'levelup',
104 silly mapToRegistry   scope: null,
104 silly mapToRegistry   escapedName: 'levelup',
104 silly mapToRegistry   name: 'levelup',
104 silly mapToRegistry   rawSpec: '',
104 silly mapToRegistry   spec: 'latest',
104 silly mapToRegistry   type: 'tag' }
105 silly mapToRegistry uri https://registry.npmjs.org/levelup
106 verbose addNameTag registry:https://registry.npmjs.org/levelup not in flight; fetching
107 verbose get https://registry.npmjs.org/level not expired, no request
108 silly addNameTag next cb for level with tag latest
109 silly addNamed level@1.7.0
110 verbose addNamed "1.7.0" is a plain semver version for level
111 verbose get https://registry.npmjs.org/leveldown not expired, no request
112 silly addNameTag next cb for leveldown with tag latest
113 silly addNamed leveldown@1.7.2
114 verbose addNamed "1.7.2" is a plain semver version for leveldown
115 verbose get https://registry.npmjs.org/levelup not expired, no request
116 silly addNameTag next cb for levelup with tag latest
117 silly addNamed levelup@1.3.8
118 verbose addNamed "1.3.8" is a plain semver version for levelup
119 silly mapToRegistry name level
120 silly mapToRegistry using default registry
121 silly mapToRegistry registry https://registry.npmjs.org/
122 silly mapToRegistry data Result {
122 silly mapToRegistry   raw: 'level',
122 silly mapToRegistry   scope: null,
122 silly mapToRegistry   escapedName: 'level',
122 silly mapToRegistry   name: 'level',
122 silly mapToRegistry   rawSpec: '',
122 silly mapToRegistry   spec: 'latest',
122 silly mapToRegistry   type: 'tag' }
123 silly mapToRegistry uri https://registry.npmjs.org/level
124 verbose addRemoteTarball https://registry.npmjs.org/level/-/level-1.7.0.tgz not in flight; adding
125 verbose addRemoteTarball [ 'https://registry.npmjs.org/level/-/level-1.7.0.tgz',
125 verbose addRemoteTarball   '43464a3a8ba73b2f3de56a24292805146da213a1' ]
126 silly mapToRegistry name leveldown
127 silly mapToRegistry using default registry
128 silly mapToRegistry registry https://registry.npmjs.org/
129 silly mapToRegistry data Result {
129 silly mapToRegistry   raw: 'leveldown',
129 silly mapToRegistry   scope: null,
129 silly mapToRegistry   escapedName: 'leveldown',
129 silly mapToRegistry   name: 'leveldown',
129 silly mapToRegistry   rawSpec: '',
129 silly mapToRegistry   spec: 'latest',
129 silly mapToRegistry   type: 'tag' }
130 silly mapToRegistry uri https://registry.npmjs.org/leveldown
131 verbose addRemoteTarball https://registry.npmjs.org/leveldown/-/leveldown-1.7.2.tgz not in flight; adding
132 verbose addRemoteTarball [ 'https://registry.npmjs.org/leveldown/-/leveldown-1.7.2.tgz',
132 verbose addRemoteTarball   '5e3467bb27ee246a4a7b8dbd8fb2b16206a6eb8b' ]
133 silly mapToRegistry name levelup
134 silly mapToRegistry using default registry
135 silly mapToRegistry registry https://registry.npmjs.org/
136 silly mapToRegistry data Result {
136 silly mapToRegistry   raw: 'levelup',
136 silly mapToRegistry   scope: null,
136 silly mapToRegistry   escapedName: 'levelup',
136 silly mapToRegistry   name: 'levelup',
136 silly mapToRegistry   rawSpec: '',
136 silly mapToRegistry   spec: 'latest',
136 silly mapToRegistry   type: 'tag' }
137 silly mapToRegistry uri https://registry.npmjs.org/levelup
138 verbose addRemoteTarball https://registry.npmjs.org/levelup/-/levelup-1.3.8.tgz not in flight; adding
139 verbose addRemoteTarball [ 'https://registry.npmjs.org/levelup/-/levelup-1.3.8.tgz',
139 verbose addRemoteTarball   'fb442c488efbea1043f7eb9929a792a74fbd1da6' ]
140 info retry fetch attempt 1 at 16:09:48
141 info attempt registry request try #1 at 16:09:48
142 http fetch GET https://registry.npmjs.org/level/-/level-1.7.0.tgz
143 info retry fetch attempt 1 at 16:09:48
144 info attempt registry request try #1 at 16:09:48
145 http fetch GET https://registry.npmjs.org/leveldown/-/leveldown-1.7.2.tgz
146 info retry fetch attempt 1 at 16:09:48
147 info attempt registry request try #1 at 16:09:48
148 http fetch GET https://registry.npmjs.org/levelup/-/levelup-1.3.8.tgz
149 http fetch 200 https://registry.npmjs.org/level/-/level-1.7.0.tgz
150 http fetch 200 https://registry.npmjs.org/levelup/-/levelup-1.3.8.tgz
151 http fetch 200 https://registry.npmjs.org/leveldown/-/leveldown-1.7.2.tgz
152 warn retry will retry, error on last attempt: Error: EBUSY: resource busy or locked, rename 'C:\Users\LABORA~1\AppData\Local\Temp\npm-7624-e9512985\registry.npmjs.org\level\-\level-1.7.0.tgz.1600785461' -> 'C:\Users\LABORA~1\AppData\Local\Temp\npm-7624-e9512985\registry.npmjs.org\level\-\level-1.7.0.tgz'
153 verbose stack TypeError: tarball.destroy is not a function
153 verbose stack     at WriteStreamAtomic.<anonymous> (C:\Program Files\nodejs\node_modules\npm\lib\cache\add-remote-tarball.js:97:15)
153 verbose stack     at emitOne (events.js:101:20)
153 verbose stack     at WriteStreamAtomic.emit (events.js:188:7)
153 verbose stack     at WriteStreamAtomic.emit (C:\Program Files\nodejs\node_modules\npm\node_modules\fs-write-stream-atomic\index.js:60:34)
153 verbose stack     at C:\Program Files\nodejs\node_modules\npm\node_modules\fs-write-stream-atomic\index.js:89:19
153 verbose stack     at FSReqWrap.oncomplete (fs.js:123:15)
154 verbose cwd C:\Users\Laboratoria 0035\Desktop\html\cinelaboratoria
155 error Windows_NT 10.0.14393
156 error argv "C:\\Program Files\\nodejs\\node.exe" "C:\\Program Files\\nodejs\\node_modules\\npm\\bin\\npm-cli.js" "install" "level" "levelup" "leveldown" "--save"
157 error node v6.9.4
158 error npm  v3.10.10
159 error tarball.destroy is not a function
160 error If you need help, you may report this error at:
160 error     <https://github.com/npm/npm/issues>
161 verbose exit [ 1, true ]
